<?xml version="1.0" encoding="UTF-8"?>
<testsuite name="lessons.tenth.tests.PracticeFormWithPageObjectsTest" tests="1" skipped="0" failures="0" errors="0" timestamp="2025-07-30T15:01:13.546Z" hostname="5CD149HRKF" time="9.117">
  <properties/>
  <testcase name="practiceFormTest()" classname="lessons.tenth.tests.PracticeFormWithPageObjectsTest" time="9.117"/>
  <system-out><![CDATA[test.jpg
]]></system-out>
  <system-err><![CDATA[июл. 30, 2025 6:01:17 PM org.openqa.selenium.devtools.CdpVersionFinder findNearestMatch
WARNING: Unable to find CDP implementation matching 138
июл. 30, 2025 6:01:17 PM org.openqa.selenium.chromium.ChromiumDriver lambda$new$5
WARNING: Unable to find version of CDP to use for 138.0.7204.169. You may need to include a dependency on a specific version of the CDP using something similar to `org.seleniumhq.selenium:selenium-devtools-v86:4.13.0` where the version ("v86") matches the version of the chromium-based browser you're using and the version number of the artifact is the same as Selenium's.
]]></system-err>
</testsuite>
