<?xml version="1.0" encoding="UTF-8"?>
<testsuite name="lessons.fifteenth.allure.LabelsTest" tests="1" skipped="0" failures="0" errors="0" timestamp="2025-07-28T18:55:48.227Z" hostname="5CD149HRKF" time="0.176">
  <properties/>
  <testcase name="Отображаемое имя" classname="lessons.fifteenth.allure.LabelsTest" time="0.176"/>
  <system-out><![CDATA[]]></system-out>
  <system-err><![CDATA[]]></system-err>
</testsuite>
