<?xml version="1.0" encoding="UTF-8"?>
<testsuite name="lessons.linux.Sample" tests="1" skipped="0" failures="0" errors="0" timestamp="2025-08-03T10:29:46.278Z" hostname="nkorkin-MS-7C88" time="2.135">
  <properties/>
  <testcase name="sample()" classname="lessons.linux.Sample" time="2.135"/>
  <system-out><![CDATA[]]></system-out>
  <system-err><![CDATA[авг. 03, 2025 1:29:46 PM org.openqa.selenium.remote.tracing.opentelemetry.OpenTelemetryTracer createTracer
INFO: Using OpenTelemetry for tracing
]]></system-err>
</testsuite>
