<?xml version="1.0" encoding="UTF-8"?>
<testsuite name="simple.SkippedTests" tests="2" skipped="2" failures="0" errors="0" timestamp="2025-07-30T08:45:35.030Z" hostname="5CD149HRKF" time="0.007">
  <properties/>
  <testcase name="test1()" classname="simple.SkippedTests" time="0.001">
    <skipped/>
  </testcase>
  <testcase name="test2()" classname="simple.SkippedTests" time="0.001">
    <skipped/>
  </testcase>
  <system-out><![CDATA[]]></system-out>
  <system-err><![CDATA[]]></system-err>
</testsuite>
